\BOOKMARK [1][-]{section.3}{Introduction}{}% 1
\BOOKMARK [2][-]{subsection.7}{Motivation}{section.3}% 2
\BOOKMARK [2][-]{subsection.9}{Significance of James Turrell}{section.3}% 3
\BOOKMARK [1][-]{section.11}{Literature Review}{}% 4
\BOOKMARK [2][-]{subsection.13}{Taxonomy of MHCI research on affective computing}{section.11}% 5
\BOOKMARK [2][-]{subsection.15}{Research into the role of light on mood and emotion}{section.11}% 6
\BOOKMARK [2][-]{subsection.17}{Similar IoT light devices to the Turrellian RGB lamp}{section.11}% 7
\BOOKMARK [2][-]{subsection.19}{Journaling applications similar to the RGB lamp GUI}{section.11}% 8
\BOOKMARK [2][-]{subsection.21}{Towards a physiological, embodied and scaffolded approach to MHCI and affect-sensitive computing}{section.11}% 9
\BOOKMARK [1][-]{section.23}{Research hypotheses}{}% 10
\BOOKMARK [2][-]{subsection.25}{Hypotheses evaluation}{section.23}% 11
\BOOKMARK [2][-]{subsection.27}{Research objectives}{section.23}% 12
\BOOKMARK [2][-]{subsection.29}{Summary of core objectives}{section.23}% 13
\BOOKMARK [2][-]{subsection.31}{Broader objectives}{section.23}% 14
\BOOKMARK [1][-]{section.33}{Proposed Approach}{}% 15
\BOOKMARK [1][-]{section.35}{Discussion of gantt chart}{}% 16
\BOOKMARK [2][-]{subsection.37}{RGB LED hardware development}{section.35}% 17
\BOOKMARK [2][-]{subsection.39}{Integration of software and GUI application}{section.35}% 18
\BOOKMARK [2][-]{subsection.41}{User experience testing of the RGB LED}{section.35}% 19
\BOOKMARK [2][-]{subsection.43}{Ethical considerations}{section.35}% 20
\BOOKMARK [2][-]{subsection.45}{Concluding remarks and data analysis of findings}{section.35}% 21
\BOOKMARK [1][-]{section.47}{Risk Analysis}{}% 22
\BOOKMARK [1][-]{section.50}{Acknowledgments}{}% 23
\BOOKMARK [1][-]{section.52}{References }{}% 24
