\BOOKMARK [1][-]{section.2}{Executive Summary}{}% 1
\BOOKMARK [1][-]{section.4}{Introduction}{}% 2
\BOOKMARK [2][-]{subsection.8}{Motivation}{section.4}% 3
\BOOKMARK [2][-]{subsection.10}{Significance of James Turrell}{section.4}% 4
\BOOKMARK [1][-]{section.12}{Literature Review}{}% 5
\BOOKMARK [2][-]{subsection.14}{Taxonomy of MHCI research on affective computing}{section.12}% 6
\BOOKMARK [2][-]{subsection.17}{Research into the role of light on mood and emotion}{section.12}% 7
\BOOKMARK [2][-]{subsection.19}{Similar IoT light devices to the Turrellian RGB lamp}{section.12}% 8
\BOOKMARK [2][-]{subsection.21}{Journaling applications similar to the RGB lamp GUI}{section.12}% 9
\BOOKMARK [2][-]{subsection.23}{Towards a physiological, embodied and scaffolded approach to MHCI and affect-sensitive computing}{section.12}% 10
\BOOKMARK [1][-]{section.25}{Research hypotheses}{}% 11
\BOOKMARK [2][-]{subsection.27}{Hypotheses evaluation}{section.25}% 12
\BOOKMARK [2][-]{subsection.29}{Research objectives}{section.25}% 13
\BOOKMARK [2][-]{subsection.31}{Summary of core objectives}{section.25}% 14
\BOOKMARK [2][-]{subsection.33}{Broader objectives}{section.25}% 15
\BOOKMARK [1][-]{section.35}{Proposed Approach}{}% 16
\BOOKMARK [1][-]{section.37}{Discussion of gantt chart}{}% 17
\BOOKMARK [2][-]{subsection.39}{RGB LED hardware development}{section.37}% 18
\BOOKMARK [2][-]{subsection.41}{Integration of software and GUI application}{section.37}% 19
\BOOKMARK [2][-]{subsection.43}{User experience testing of the RGB LED}{section.37}% 20
\BOOKMARK [2][-]{subsection.45}{Ethical considerations}{section.37}% 21
\BOOKMARK [2][-]{subsection.47}{Data analysis of findings}{section.37}% 22
\BOOKMARK [2][-]{subsection.49}{Limitations and responses}{section.37}% 23
\BOOKMARK [2][-]{subsection.51}{Concluding remarks and significance of research}{section.37}% 24
\BOOKMARK [1][-]{section.55}{Risk analysis table overview}{}% 25
\BOOKMARK [1][-]{section.57}{Acknowledgments}{}% 26
\BOOKMARK [1][-]{section.59}{References }{}% 27
